#
# A fatal error has been detected by the Java Runtime Environment:
#
#  EXCEPTION_ACCESS_VIOLATION (0xc0000005) at pc=0x000000006dac0089, pid=5048, tid=3060
#
# JRE version: 6.0_21-b07
# Java VM: Java HotSpot(TM) 64-Bit Server VM (17.0-b17 mixed mode windows-amd64 )
# Problematic frame:
# V  [jvm.dll+0x230089]
#
# If you would like to submit a bug report, please visit:
#   http://java.sun.com/webapps/bugreport/crash.jsp
#

---------------  T H R E A D  ---------------

Current thread (0x000000004a293000):  JavaThread "Thread-16444" [_thread_in_vm, id=3060, stack(0x000000004dee0000,0x000000004dfe0000)]

siginfo: ExceptionCode=0xc0000005, reading address 0xffffffffffffffff

Registers:
EAX=0x294949425b280007, EBX=0x000000004ef30da8, ECX=0x0000000000000000, EDX=0x000000004a293000
ESP=0x000000004dfdf270, EBP=0x0000000000000000, ESI=0x000000004a246050, EDI=0x000000004dfdf4f8
EIP=0x000000006dac0089, EFLAGS=0x0000000000010203

Top of Stack: (sp=0x000000004dfdf270)
0x000000004dfdf270:   0000000000000002 000000004ef30da8
0x000000004dfdf280:   000000004a246050 000000004dfdf4f8
0x000000004dfdf290:   000000004a293000 000000006dac3d87
0x000000004dfdf2a0:   000000004a246050 0000000048ee18d0
0x000000004dfdf2b0:   0000000048ee18e0 0000000048ee1cb8
0x000000004dfdf2c0:   000000006ddebdf0 000000004ef30db0
0x000000004dfdf2d0:   000000004a293000 000000006d5b1ed0
0x000000004dfdf2e0:   0000000000000000 000000000000000a
0x000000004dfdf2f0:   000000004ef30da8 000000004dfdf4f8
0x000000004dfdf300:   000000004a2931c8 000000006dad3227
0x000000004dfdf310:   000000004a293000 000000004ef30da0
0x000000004dfdf320:   00000000392fe780 0000000000001f3e
0x000000004dfdf330:   000000004a293000 0000000000000000
0x000000004dfdf340:   000000004dfdf3a8 000000006dab96f6
0x000000004dfdf350:   0000000000000002 0000000077a42398
0x000000004dfdf360:   000000004dfdf408 0000000000000000 

Instructions: (pc=0x000000006dac0089)
0x000000006dac0079:   24 98 01 00 00 4c 8b 03 49 8b 40 10 4d 8b 40 18
0x000000006dac0089:   0f b7 48 42 4d 8b 44 c8 38 48 8d 4c 24 50 e8 74 


Stack: [0x000000004dee0000,0x000000004dfe0000],  sp=0x000000004dfdf270,  free space=3fc0000000000000000k
Native frames: (J=compiled Java code, j=interpreted, Vv=VM code, C=native code)
V  [jvm.dll+0x230089]

[error occurred during error reporting (printing native stack), id 0xc0000005]

Java frames: (J=compiled Java code, j=interpreted, Vv=VM code)
j  com.sun.media.sound.MixerSourceLine.nDrain(J)V+0
j  com.sun.media.sound.MixerSourceLine.drain()V+26
j  javazoom.jl.player.JavaSoundAudioDevice.flushImpl()V+11
j  javazoom.jl.player.AudioDeviceBase.flush()V+8
J  javazoom.jl.player.Player.play(I)Z
j  javazoom.jl.player.Player.play()V+3
j  org.amityregion5.projectx.client.sound.SoundManager$2.run()V+24
v  ~StubRoutines::call_stub

---------------  P R O C E S S  ---------------

Java Threads: ( => current thread )
  0x000000004bcc3000 JavaThread "Thread-16710" [_thread_new, id=5908, stack(0x0000000000000000,0x0000000000000000)]
  0x0000000050fbe000 JavaThread "Thread-16709" [_thread_new, id=8016, stack(0x0000000000000000,0x0000000000000000)]
  0x0000000050fbd800 JavaThread "Thread-16708" [_thread_new, id=7532, stack(0x0000000000000000,0x0000000000000000)]
  0x0000000050fbc800 JavaThread "Thread-16707" [_thread_new, id=3656, stack(0x0000000000000000,0x0000000000000000)]
  0x0000000050fbc000 JavaThread "Thread-16706" [_thread_new, id=7592, stack(0x0000000000000000,0x0000000000000000)]
  0x000000004ba94800 JavaThread "Thread-16705" [_thread_new, id=6680, stack(0x0000000000000000,0x0000000000000000)]
  0x000000004ba94000 JavaThread "Thread-16704" [_thread_new, id=5740, stack(0x0000000000000000,0x0000000000000000)]
  0x000000004ba93000 JavaThread "Thread-16703" [_thread_new, id=2320, stack(0x0000000000000000,0x0000000000000000)]
  0x000000004ba92800 JavaThread "Thread-16702" [_thread_new, id=4848, stack(0x0000000000000000,0x0000000000000000)]
  0x000000004ba91800 JavaThread "Thread-16701" [_thread_new, id=7464, stack(0x0000000000000000,0x0000000000000000)]
  0x000000004ef34800 JavaThread "Thread-16700" [_thread_new, id=5612, stack(0x0000000000000000,0x0000000000000000)]
  0x000000004ef34000 JavaThread "Thread-16699" [_thread_new, id=7964, stack(0x0000000000000000,0x0000000000000000)]
  0x000000004ef33000 JavaThread "Thread-16698" [_thread_new, id=6248, stack(0x0000000000000000,0x0000000000000000)]
  0x000000004ef32800 JavaThread "Thread-16697" [_thread_new, id=4388, stack(0x0000000000000000,0x0000000000000000)]
  0x000000004ef31800 JavaThread "Thread-16696" [_thread_new, id=3624, stack(0x0000000000000000,0x0000000000000000)]
  0x000000004a25f800 JavaThread "Thread-16695" [_thread_new, id=5736, stack(0x0000000000000000,0x0000000000000000)]
  0x000000004a25f000 JavaThread "Thread-16694" [_thread_new, id=6576, stack(0x0000000000000000,0x0000000000000000)]
  0x000000004a25e000 JavaThread "Thread-16693" [_thread_new, id=4700, stack(0x0000000000000000,0x0000000000000000)]
  0x000000004a25d800 JavaThread "Thread-16692" [_thread_new, id=7356, stack(0x0000000000000000,0x0000000000000000)]
  0x000000004a25c800 JavaThread "Thread-16691" [_thread_new, id=7420, stack(0x0000000000000000,0x0000000000000000)]
  0x000000004a349000 JavaThread "Thread-16690" [_thread_new, id=3948, stack(0x0000000000000000,0x0000000000000000)]
  0x000000004a348800 JavaThread "Thread-16689" [_thread_new, id=7764, stack(0x0000000000000000,0x0000000000000000)]
  0x000000004a348000 JavaThread "Thread-16688" [_thread_new, id=5716, stack(0x0000000000000000,0x0000000000000000)]
  0x000000004a347000 JavaThread "Thread-16687" [_thread_new, id=1952, stack(0x0000000000000000,0x0000000000000000)]
  0x000000004a346800 JavaThread "Thread-16686" [_thread_new, id=6256, stack(0x0000000000000000,0x0000000000000000)]
  0x000000004a253800 JavaThread "Thread-16685" [_thread_new, id=5268, stack(0x0000000000000000,0x0000000000000000)]
  0x000000004a253000 JavaThread "Thread-16684" [_thread_new, id=2264, stack(0x0000000000000000,0x0000000000000000)]
  0x000000004a252000 JavaThread "Thread-16683" [_thread_new, id=5116, stack(0x0000000000000000,0x0000000000000000)]
  0x000000004a251800 JavaThread "Thread-16682" [_thread_new, id=5356, stack(0x0000000000000000,0x0000000000000000)]
  0x000000004a250800 JavaThread "Thread-16681" [_thread_new, id=7272, stack(0x0000000000000000,0x0000000000000000)]
  0x000000004a20b800 JavaThread "Thread-16680" [_thread_new, id=7432, stack(0x0000000000000000,0x0000000000000000)]
  0x000000004a20b000 JavaThread "Thread-16679" [_thread_new, id=2588, stack(0x0000000000000000,0x0000000000000000)]
  0x000000004a20a000 JavaThread "Thread-16678" [_thread_new, id=7512, stack(0x0000000000000000,0x0000000000000000)]
  0x000000004a209800 JavaThread "Thread-16677" [_thread_new, id=2272, stack(0x0000000000000000,0x0000000000000000)]
  0x000000004a208800 JavaThread "Thread-16676" [_thread_new, id=948, stack(0x0000000000000000,0x0000000000000000)]
  0x000000004fac4000 JavaThread "Thread-16675" [_thread_new, id=5000, stack(0x0000000000000000,0x0000000000000000)]
  0x000000004a296800 JavaThread "Thread-16674" [_thread_new, id=7384, stack(0x0000000000000000,0x0000000000000000)]
  0x000000004fac3000 JavaThread "Thread-16673" [_thread_blocked, id=5840, stack(0x000000004ac30000,0x000000004ad30000)]
  0x0000000048ebf800 JavaThread "Thread-16666" [_thread_blocked, id=8160, stack(0x0000000053e50000,0x0000000053f50000)]
  0x000000004a256000 JavaThread "Thread-16633" [_thread_blocked, id=7840, stack(0x0000000053650000,0x0000000053750000)]
  0x000000004bcc1000 JavaThread "Thread-16557" [_thread_in_native, id=8100, stack(0x0000000057a50000,0x0000000057b50000)]
=>0x000000004a293000 JavaThread "Thread-16444" [_thread_in_vm, id=3060, stack(0x000000004dee0000,0x000000004dfe0000)]
  0x00000000502ad800 JavaThread "Thread-16129" [_thread_blocked, id=3564, stack(0x000000004ad30000,0x000000004ae30000)]
  0x000000004a297800 JavaThread "Headspace mixer frame proc thread" daemon [_thread_blocked, id=4276, stack(0x000000004dae0000,0x000000004dbe0000)]
  0x000000004a294000 JavaThread "Java Sound Event Dispatcher" daemon [_thread_blocked, id=5172, stack(0x000000004ca90000,0x000000004cb90000)]
  0x000000004a295000 JavaThread "Thread-15" [_thread_blocked, id=7672, stack(0x000000004cb90000,0x000000004cc90000)]
  0x000000004a294800 JavaThread "Thread-5" daemon [_thread_blocked, id=7412, stack(0x000000004cc90000,0x000000004cd90000)]
  0x000000004a292800 JavaThread "DestroyJavaVM" [_thread_blocked, id=8076, stack(0x0000000002460000,0x0000000002560000)]
  0x000000004a291000 JavaThread "Thread-12" [_thread_blocked, id=7636, stack(0x000000004c990000,0x000000004ca90000)]
  0x000000004a290000 JavaThread "Thread-14" [_thread_blocked, id=7640, stack(0x000000004c890000,0x000000004c990000)]
  0x000000004a28f800 JavaThread "TimerQueue" daemon [_thread_blocked, id=7528, stack(0x000000004c790000,0x000000004c890000)]
  0x000000004a28e800 JavaThread "Thread-13" [_thread_in_native, id=1760, stack(0x000000004c690000,0x000000004c790000)]
  0x000000004a28e000 JavaThread "Thread-11" [_thread_in_native, id=6140, stack(0x000000004c170000,0x000000004c270000)]
  0x0000000048e93000 JavaThread "AWT-EventQueue-0" [_thread_in_native, id=7048, stack(0x000000004af40000,0x000000004b040000)]
  0x0000000048e8d800 JavaThread "AWT-Windows" daemon [_thread_in_native, id=7128, stack(0x000000004aa30000,0x000000004ab30000)]
  0x0000000048e8c800 JavaThread "AWT-Shutdown" [_thread_blocked, id=7552, stack(0x000000004a930000,0x000000004aa30000)]
  0x0000000048e8c000 JavaThread "Java2D Disposer" daemon [_thread_blocked, id=6192, stack(0x000000004a830000,0x000000004a930000)]
  0x0000000048e45800 JavaThread "Thread-4" [_thread_in_native, id=7224, stack(0x000000004a5b0000,0x000000004a6b0000)]
  0x0000000048e45000 JavaThread "Thread-3" [_thread_blocked, id=8108, stack(0x000000004a4b0000,0x000000004a5b0000)]
  0x0000000048ea1800 JavaThread "Thread-2" [_thread_in_native, id=7060, stack(0x0000000049eb0000,0x0000000049fb0000)]
  0x0000000048e7f000 JavaThread "Thread-1" daemon [_thread_blocked, id=6016, stack(0x0000000049db0000,0x0000000049eb0000)]
  0x0000000048def800 JavaThread "Thread-0" [_thread_in_native, id=7160, stack(0x0000000049bb0000,0x0000000049cb0000)]
  0x000000000052e800 JavaThread "Low Memory Detector" daemon [_thread_blocked, id=3336, stack(0x0000000049300000,0x0000000049400000)]
  0x000000000052d800 JavaThread "CompilerThread1" daemon [_thread_blocked, id=1116, stack(0x0000000049200000,0x0000000049300000)]
  0x0000000000524000 JavaThread "CompilerThread0" daemon [_thread_blocked, id=7260, stack(0x0000000049100000,0x0000000049200000)]
  0x0000000000522000 JavaThread "Attach Listener" daemon [_thread_blocked, id=1428, stack(0x0000000049000000,0x0000000049100000)]
  0x0000000000521000 JavaThread "Signal Dispatcher" daemon [_thread_blocked, id=8024, stack(0x0000000048f00000,0x0000000049000000)]
  0x000000000050d000 JavaThread "Finalizer" daemon [_thread_blocked, id=1324, stack(0x0000000048c00000,0x0000000048d00000)]
  0x0000000000504000 JavaThread "Reference Handler" daemon [_thread_blocked, id=7476, stack(0x0000000048b00000,0x0000000048c00000)]

Other Threads:
  0x0000000000500000 VMThread [stack: 0x0000000048a00000,0x0000000048b00000] [id=4416]
  0x0000000048d59000 WatcherThread [stack: 0x0000000049400000,0x0000000049500000] [id=8144]

VM state:not at safepoint (normal execution)

VM Mutex/Monitor currently owned by a thread: None

Heap
 PSYoungGen      total 318208K, used 202683K [0x0000000033960000, 0x0000000047fa0000, 0x0000000048160000)
  eden space 302272K, 64% used [0x0000000033960000,0x000000003f748898,0x0000000046090000)
  from space 15936K, 51% used [0x0000000046090000,0x0000000046896630,0x0000000047020000)
  to   space 15296K, 0% used [0x00000000470b0000,0x00000000470b0000,0x0000000047fa0000)
 PSOldGen        total 83712K, used 64699K [0x000000000a960000, 0x000000000fb20000, 0x0000000033960000)
  object space 83712K, 77% used [0x000000000a960000,0x000000000e88eef0,0x000000000fb20000)
 PSPermGen       total 29696K, used 15028K [0x0000000005560000, 0x0000000007260000, 0x000000000a960000)
  object space 29696K, 50% used [0x0000000005560000,0x000000000640d3b8,0x0000000007260000)

Dynamic libraries:
0x0000000000400000 - 0x000000000042e000 	C:\Program Files\Java\jdk1.6.0_21\bin\java.exe
0x0000000077a20000 - 0x0000000077bc9000 	C:\Windows\SYSTEM32\ntdll.dll
0x0000000077900000 - 0x0000000077a1f000 	C:\Windows\system32\kernel32.dll
0x000007fefe0a0000 - 0x000007fefe10b000 	C:\Windows\system32\KERNELBASE.dll
0x000007fefe840000 - 0x000007fefe91b000 	C:\Windows\system32\ADVAPI32.dll
0x000007feffbb0000 - 0x000007feffc4f000 	C:\Windows\system32\msvcrt.dll
0x000007fefebb0000 - 0x000007fefebcf000 	C:\Windows\SYSTEM32\sechost.dll
0x000007feffa80000 - 0x000007feffbad000 	C:\Windows\system32\RPCRT4.dll
0x000000006d890000 - 0x000000006df61000 	C:\Program Files\Java\jdk1.6.0_21\jre\bin\server\jvm.dll
0x0000000077340000 - 0x000000007743a000 	C:\Windows\system32\USER32.dll
0x000007feffa10000 - 0x000007feffa77000 	C:\Windows\system32\GDI32.dll
0x000007feff960000 - 0x000007feff96e000 	C:\Windows\system32\LPK.dll
0x000007fefe6f0000 - 0x000007fefe7b9000 	C:\Windows\system32\USP10.dll
0x000007fefc140000 - 0x000007fefc17b000 	C:\Windows\system32\WINMM.dll
0x000007fefeb00000 - 0x000007fefeb2e000 	C:\Windows\system32\IMM32.DLL
0x000007fefe250000 - 0x000007fefe359000 	C:\Windows\system32\MSCTF.dll
0x000000006d800000 - 0x000000006d80e000 	C:\Program Files\Java\jdk1.6.0_21\jre\bin\verify.dll
0x000000006d450000 - 0x000000006d477000 	C:\Program Files\Java\jdk1.6.0_21\jre\bin\java.dll
0x000000006d3b0000 - 0x000000006d3ba000 	C:\Program Files\Java\jdk1.6.0_21\jre\bin\hpi.dll
0x0000000077be0000 - 0x0000000077be7000 	C:\Windows\system32\PSAPI.DLL
0x000000006d850000 - 0x000000006d862000 	C:\Program Files\Java\jdk1.6.0_21\jre\bin\zip.dll
0x000000006d6a0000 - 0x000000006d6b7000 	C:\Program Files\Java\jdk1.6.0_21\jre\bin\net.dll
0x000007fefe5e0000 - 0x000007fefe62d000 	C:\Windows\system32\WS2_32.dll
0x000007fefe570000 - 0x000007fefe578000 	C:\Windows\system32\NSI.dll
0x000007fefd6f0000 - 0x000007fefd745000 	C:\Windows\system32\mswsock.dll
0x000007fefd6e0000 - 0x000007fefd6e7000 	C:\Windows\System32\wship6.dll
0x000007fefc4a0000 - 0x000007fefc4b5000 	C:\Windows\system32\NLAapi.dll
0x000007fef5be0000 - 0x000007fef5bf5000 	C:\Windows\system32\napinsp.dll
0x000007fef5bc0000 - 0x000007fef5bd9000 	C:\Windows\system32\pnrpnsp.dll
0x000007fef5bb0000 - 0x000007fef5bc0000 	C:\Windows\system32\wshbth.dll
0x000007fef6400000 - 0x000007fef642e000 	C:\Program Files\Common Files\Microsoft Shared\Windows Live\WLIDNSP.DLL
0x000007fefeb30000 - 0x000007fefeba1000 	C:\Windows\system32\SHLWAPI.dll
0x000007fefd570000 - 0x000007fefd5cb000 	C:\Windows\system32\DNSAPI.dll
0x000007fef5b90000 - 0x000007fef5b9b000 	C:\Windows\System32\winrnr.dll
0x000007fefd060000 - 0x000007fefd067000 	C:\Windows\System32\wshtcpip.dll
0x000007fefb720000 - 0x000007fefb747000 	C:\Windows\system32\IPHLPAPI.DLL
0x000007fefb710000 - 0x000007fefb71b000 	C:\Windows\system32\WINNSI.DLL
0x000007fef6370000 - 0x000007fef6378000 	C:\Windows\system32\rasadhlp.dll
0x000007fefb5d0000 - 0x000007fefb623000 	C:\Windows\System32\fwpuclnt.dll
0x000000006d0a0000 - 0x000000006d263000 	C:\Program Files\Java\jdk1.6.0_21\jre\bin\awt.dll
0x000007fef6010000 - 0x000007fef6081000 	C:\Windows\system32\WINSPOOL.DRV
0x000007fefe360000 - 0x000007fefe563000 	C:\Windows\system32\ole32.dll
0x000007fefebd0000 - 0x000007feff958000 	C:\Windows\system32\SHELL32.dll
0x000007fefcaa0000 - 0x000007fefcc94000 	C:\Windows\WinSxS\amd64_microsoft.windows.common-controls_6595b64144ccf1df_6.0.7601.17514_none_fa396087175ac9ac\COMCTL32.dll
0x000007fefbe80000 - 0x000007fefbe98000 	C:\Windows\system32\DWMAPI.DLL
0x000007fefc8c0000 - 0x000007fefc916000 	C:\Windows\system32\uxtheme.dll
0x000000006d340000 - 0x000000006d3ab000 	C:\Program Files\Java\jdk1.6.0_21\jre\bin\fontmanager.dll
0x000007fefddb0000 - 0x000007fefddbf000 	C:\Windows\system32\CRYPTBASE.dll
0x000000006d6c0000 - 0x000000006d6cb000 	C:\Program Files\Java\jdk1.6.0_21\jre\bin\nio.dll
0x000007feffc50000 - 0x000007feffd27000 	C:\Windows\system32\OLEAUT32.DLL
0x000000006d5b0000 - 0x000000006d5de000 	C:\Program Files\Java\jdk1.6.0_21\jre\bin\jsound.dll
0x000007fefc5f0000 - 0x000007fefc63b000 	C:\Windows\system32\MMDevAPI.DLL
0x000007fefc920000 - 0x000007fefca4c000 	C:\Windows\system32\PROPSYS.dll
0x000007fefc100000 - 0x000007fefc13b000 	C:\Windows\system32\wdmaud.drv
0x00000000752c0000 - 0x00000000752c6000 	C:\Windows\system32\ksuser.dll
0x000007fefc5e0000 - 0x000007fefc5e9000 	C:\Windows\system32\AVRT.dll
0x000007fefe920000 - 0x000007fefeaf7000 	C:\Windows\system32\SETUPAPI.dll
0x000007fefe150000 - 0x000007fefe186000 	C:\Windows\system32\CFGMGR32.dll
0x000007fefe230000 - 0x000007fefe24a000 	C:\Windows\system32\DEVOBJ.dll
0x000007fefbf40000 - 0x000007fefbf8f000 	C:\Windows\system32\AUDIOSES.DLL
0x000007fefbe70000 - 0x000007fefbe7a000 	C:\Windows\system32\msacm32.drv
0x000007fefbe50000 - 0x000007fefbe68000 	C:\Windows\system32\MSACM32.dll
0x000007fefbe00000 - 0x000007fefbe09000 	C:\Windows\system32\midimap.dll
0x000007fefe650000 - 0x000007fefe6e9000 	C:\Windows\system32\CLBCatQ.DLL

VM Arguments:
jvm_args: -Dfile.encoding=UTF-8 
java_command: org.amityregion5.projectx.QuickMain
Launcher Type: SUN_STANDARD

Environment Variables:
CLASSPATH=.;C:\Program Files (x86)\Java\jre6\lib\ext\QTJava.zip
PATH=C:\Program Files (x86)\CollabNet\Subversion Client;C:\Program Files\Common Files\Microsoft Shared\Windows Live;C:\Program Files (x86)\Common Files\Microsoft Shared\Windows Live;C:\Windows\system32;C:\Windows;C:\Windows\System32\Wbem;C:\Windows\System32\WindowsPowerShell\v1.0\;C:\Program Files (x86)\Common Files\Roxio Shared\10.0\DLLShared\;C:\Program Files (x86)\Common Files\Roxio Shared\DLLShared\;C:\Program Files (x86)\Common Files\HP\Digital Imaging\bin;C:\Program Files (x86)\HP\Digital Imaging\bin\;C:\Program Files (x86)\HP\Digital Imaging\bin\Qt\Qt 4.3.3;c:\Program Files (x86)\Microsoft SQL Server\90\Tools\binn\;C:\Program Files (x86)\Windows Live\Shared;C:\Program Files (x86)\QuickTime\QTSystem\
USERNAME=Mike
OS=Windows_NT
PROCESSOR_IDENTIFIER=Intel64 Family 6 Model 23 Stepping 10, GenuineIntel



---------------  S Y S T E M  ---------------

OS: Windows 7 Build 7601 Service Pack 1

CPU:total 2 (2 cores per cpu, 1 threads per core) family 6 model 23 stepping 10, cmov, cx8, fxsr, mmx, sse, sse2, sse3, ssse3, sse4.1

Memory: 4k page, physical 4029460k(953892k free), swap 8057072k(4558672k free)

vm_info: Java HotSpot(TM) 64-Bit Server VM (17.0-b17) for windows-amd64 JRE (1.6.0_21-b07), built on Jul 17 2010 01:05:36 by "java_re" with MS VC++ 8.0 (VS2005)

time: Sat Jun 11 13:30:06 2011
elapsed time: 107 seconds

