#
# A fatal error has been detected by the Java Runtime Environment:
#
#  EXCEPTION_ACCESS_VIOLATION (0xc0000005) at pc=0x000000006dac0089, pid=7596, tid=7828
#
# JRE version: 6.0_21-b07
# Java VM: Java HotSpot(TM) 64-Bit Server VM (17.0-b17 mixed mode windows-amd64 )
# Problematic frame:
# V  [jvm.dll+0x230089]
#
# If you would like to submit a bug report, please visit:
#   http://java.sun.com/webapps/bugreport/crash.jsp
#

---------------  T H R E A D  ---------------

Current thread (0x000000004a19d800):  JavaThread "Headspace mixer frame proc thread" daemon [_thread_in_vm, id=7828, stack(0x000000004dd70000,0x000000004de70000)]

siginfo: ExceptionCode=0xc0000005, reading address 0xffffffffffffffff

Registers:
EAX=0x294949425b280007, EBX=0x000000004a3c2d68, ECX=0x0000000000000000, EDX=0x000000004a19d800
ESP=0x000000004de6f230, EBP=0x0000000000000000, ESI=0x000000004a0e9e50, EDI=0x000000004de6f4b8
EIP=0x000000006dac0089, EFLAGS=0x0000000000010203

Top of Stack: (sp=0x000000004de6f230)
0x000000004de6f230:   00000000000011dc 00000000000011dc
0x000000004de6f240:   00000000002ce738 000000006d5c44e6
0x000000004de6f250:   000000000031e580 000007fe00000002
0x000000004de6f260:   000000004a0e9e50 000000004a3c2930
0x000000004de6f270:   000000004a3c2940 000000004a3c2d18
0x000000004de6f280:   0000000000000000 00000000523229c4
0x000000004de6f290:   000000004de6f310 00000000002d1cc8
0x000000004de6f2a0:   000000004de6f2b4 0000000000228cd0
0x000000004de6f2b0:   0000020000000004 000000004de6f4b8
0x000000004de6f2c0:   000000004a19d9c8 0000000000000001
0x000000004de6f2d0:   0000000000000000 000000004a3c2d60
0x000000004de6f2e0:   0000000000000834 0000000000003ff5
0x000000004de6f2f0:   000000004a19d9c8 0000000000003ff5
0x000000004de6f300:   00000000002ce738 000000006d5c0807
0x000000004de6f310:   0000000000000200 000000004a19d9c8
0x000000004de6f320:   0000000000011dc0 0000000000011dc0 

Instructions: (pc=0x000000006dac0089)
0x000000006dac0079:   24 98 01 00 00 4c 8b 03 49 8b 40 10 4d 8b 40 18
0x000000006dac0089:   0f b7 48 42 4d 8b 44 c8 38 48 8d 4c 24 50 e8 74 


Stack: [0x000000004dd70000,0x000000004de70000],  sp=0x000000004de6f230,  free space=3fc0000000000000000k
Native frames: (J=compiled Java code, j=interpreted, Vv=VM code, C=native code)
V  [jvm.dll+0x230089]

[error occurred during error reporting (printing native stack), id 0xc0000005]

Java frames: (J=compiled Java code, j=interpreted, Vv=VM code)
j  com.sun.media.sound.MixerThread.runNative(J)V+0
j  com.sun.media.sound.MixerThread.run()V+5
v  ~StubRoutines::call_stub

---------------  P R O C E S S  ---------------

Java Threads: ( => current thread )
  0x000000004a3d2000 JavaThread "Thread-7121" [_thread_blocked, id=7416, stack(0x000000004f540000,0x000000004f640000)]
  0x0000000052b9a800 JavaThread "Thread-7119" [_thread_in_native, id=6652, stack(0x0000000053de0000,0x0000000053ee0000)]
  0x000000004a3d4000 JavaThread "Thread-7090" [_thread_blocked, id=6980, stack(0x000000004f340000,0x000000004f440000)]
  0x0000000048f2a800 JavaThread "Thread-7075" [_thread_in_native, id=6032, stack(0x00000000540e0000,0x00000000541e0000)]
  0x000000004a3d3000 JavaThread "Thread-6730" [_thread_blocked, id=7884, stack(0x0000000050d40000,0x0000000050e40000)]
  0x000000004a3d6000 JavaThread "Thread-6691" [_thread_blocked, id=1532, stack(0x0000000050c40000,0x0000000050d40000)]
  0x0000000052b9f800 JavaThread "Thread-6642" [_thread_blocked, id=4844, stack(0x0000000050b40000,0x0000000050c40000)]
  0x000000004a3d4800 JavaThread "Thread-6618" [_thread_blocked, id=6028, stack(0x0000000050a40000,0x0000000050b40000)]
  0x000000004a3d7000 JavaThread "Thread-6593" [_thread_blocked, id=6228, stack(0x0000000053ae0000,0x0000000053be0000)]
  0x0000000052b9d800 JavaThread "Thread-6569" [_thread_blocked, id=7860, stack(0x0000000050540000,0x0000000050640000)]
  0x000000004a2df800 JavaThread "Thread-6532" [_thread_blocked, id=2588, stack(0x0000000050840000,0x0000000050940000)]
  0x0000000052b99000 JavaThread "Thread-6493" [_thread_blocked, id=7480, stack(0x0000000050740000,0x0000000050840000)]
  0x0000000048f27800 JavaThread "Thread-6443" [_thread_blocked, id=8172, stack(0x0000000050640000,0x0000000050740000)]
  0x000000004a19c800 JavaThread "Thread-6407" [_thread_blocked, id=7152, stack(0x000000004fd40000,0x000000004fe40000)]
  0x0000000052b99800 JavaThread "Thread-6360" [_thread_blocked, id=7680, stack(0x0000000050440000,0x0000000050540000)]
  0x000000004ee3b000 JavaThread "Thread-6335" [_thread_blocked, id=3456, stack(0x0000000050e40000,0x0000000050f40000)]
  0x000000004ee3a800 JavaThread "Thread-6262" [_thread_blocked, id=6776, stack(0x0000000050340000,0x0000000050440000)]
  0x000000004ee38800 JavaThread "Thread-6236" [_thread_blocked, id=6580, stack(0x0000000050240000,0x0000000050340000)]
  0x000000004ee3a000 JavaThread "Thread-6189" [_thread_blocked, id=4368, stack(0x0000000050140000,0x0000000050240000)]
  0x0000000052b9c000 JavaThread "Thread-6142" [_thread_blocked, id=472, stack(0x0000000050040000,0x0000000050140000)]
  0x000000004ee39000 JavaThread "Thread-6106" [_thread_blocked, id=6040, stack(0x0000000052610000,0x0000000052710000)]
  0x000000004a2df000 JavaThread "Thread-6060" [_thread_blocked, id=6836, stack(0x000000004ff40000,0x0000000050040000)]
  0x0000000052b9e000 JavaThread "Thread-6024" [_thread_blocked, id=3372, stack(0x000000004f240000,0x000000004f340000)]
  0x0000000052b9b000 JavaThread "Thread-6001" [_thread_blocked, id=7612, stack(0x000000004fe40000,0x000000004ff40000)]
  0x000000004a2e5000 JavaThread "Thread-5979" [_thread_blocked, id=7692, stack(0x000000004fc40000,0x000000004fd40000)]
  0x000000004a2e5800 JavaThread "Thread-5936" [_thread_blocked, id=7848, stack(0x000000004fb40000,0x000000004fc40000)]
  0x000000004a2e2800 JavaThread "Thread-5893" [_thread_blocked, id=7760, stack(0x000000004fa40000,0x000000004fb40000)]
  0x000000004a2e3800 JavaThread "Thread-5860" [_thread_blocked, id=6528, stack(0x000000004f740000,0x000000004f840000)]
  0x000000004a197000 JavaThread "Thread-5743" [_thread_blocked, id=4956, stack(0x000000004f640000,0x000000004f740000)]
=>0x000000004a19d800 JavaThread "Headspace mixer frame proc thread" daemon [_thread_in_vm, id=7828, stack(0x000000004dd70000,0x000000004de70000)]
  0x000000004a19b800 JavaThread "Java Sound Event Dispatcher" daemon [_thread_blocked, id=8136, stack(0x000000004d2a0000,0x000000004d3a0000)]
  0x000000004a199000 JavaThread "Thread-5" daemon [_thread_blocked, id=3656, stack(0x000000004ce60000,0x000000004cf60000)]
  0x000000004a19a800 JavaThread "Thread-15" [_thread_blocked, id=4536, stack(0x000000004cd60000,0x000000004ce60000)]
  0x000000004a19a000 JavaThread "Thread-12" [_thread_in_native, id=6920, stack(0x000000004cc60000,0x000000004cd60000)]
  0x000000004a198800 JavaThread "TimerQueue" daemon [_thread_blocked, id=7352, stack(0x000000004cb60000,0x000000004cc60000)]
  0x000000004a197800 JavaThread "DestroyJavaVM" [_thread_blocked, id=7344, stack(0x0000000002490000,0x0000000002590000)]
  0x000000004a196000 JavaThread "Thread-14" [_thread_in_native, id=5432, stack(0x000000004c960000,0x000000004ca60000)]
  0x000000004a222800 JavaThread "Thread-13" [_thread_blocked, id=7240, stack(0x000000004c860000,0x000000004c960000)]
  0x000000004a296000 JavaThread "Thread-11" [_thread_in_native, id=8124, stack(0x000000004c760000,0x000000004c860000)]
  0x000000004a0b6000 JavaThread "AWT-EventQueue-0" [_thread_in_native, id=7916, stack(0x000000004aff0000,0x000000004b0f0000)]
  0x0000000048f50800 JavaThread "AWT-Windows" daemon [_thread_in_native, id=7024, stack(0x000000004aae0000,0x000000004abe0000)]
  0x0000000048f4f800 JavaThread "AWT-Shutdown" [_thread_blocked, id=2264, stack(0x000000004a9e0000,0x000000004aae0000)]
  0x0000000048f4f000 JavaThread "Java2D Disposer" daemon [_thread_blocked, id=2912, stack(0x000000004a840000,0x000000004a940000)]
  0x0000000048f82800 JavaThread "Thread-4" [_thread_in_native, id=7540, stack(0x000000004a630000,0x000000004a730000)]
  0x0000000048f78000 JavaThread "Thread-3" [_thread_in_native, id=7648, stack(0x000000004a530000,0x000000004a630000)]
  0x0000000048efa000 JavaThread "Thread-2" [_thread_in_native, id=6104, stack(0x0000000049f30000,0x000000004a030000)]
  0x0000000048ef9800 JavaThread "Thread-1" daemon [_thread_blocked, id=848, stack(0x0000000049e30000,0x0000000049f30000)]
  0x0000000048ee0000 JavaThread "Thread-0" [_thread_in_native, id=6844, stack(0x0000000049bc0000,0x0000000049cc0000)]
  0x0000000048e3e800 JavaThread "Low Memory Detector" daemon [_thread_blocked, id=6904, stack(0x00000000493f0000,0x00000000494f0000)]
  0x0000000048e33800 JavaThread "CompilerThread1" daemon [_thread_blocked, id=3368, stack(0x00000000492f0000,0x00000000493f0000)]
  0x0000000000526800 JavaThread "CompilerThread0" daemon [_thread_blocked, id=7408, stack(0x00000000491f0000,0x00000000492f0000)]
  0x0000000000525000 JavaThread "Attach Listener" daemon [_thread_blocked, id=5268, stack(0x00000000490f0000,0x00000000491f0000)]
  0x0000000000524800 JavaThread "Signal Dispatcher" daemon [_thread_blocked, id=7812, stack(0x0000000048ff0000,0x00000000490f0000)]
  0x0000000000510800 JavaThread "Finalizer" daemon [_thread_blocked, id=7020, stack(0x0000000048cf0000,0x0000000048df0000)]
  0x0000000000507800 JavaThread "Reference Handler" daemon [_thread_blocked, id=5000, stack(0x0000000048bf0000,0x0000000048cf0000)]

Other Threads:
  0x0000000000503800 VMThread [stack: 0x0000000048af0000,0x0000000048bf0000] [id=5548]
  0x0000000048e49800 WatcherThread [stack: 0x00000000494f0000,0x00000000495f0000] [id=7304]

VM state:not at safepoint (normal execution)

VM Mutex/Monitor currently owned by a thread: None

Heap
 PSYoungGen      total 302144K, used 135040K [0x0000000033a50000, 0x0000000048250000, 0x0000000048250000)
  eden space 285952K, 41% used [0x0000000033a50000,0x000000003ae6fb08,0x0000000045190000)
  from space 16192K, 99% used [0x0000000045190000,0x0000000046150840,0x0000000046160000)
  to   space 25216K, 0% used [0x00000000469b0000,0x00000000469b0000,0x0000000048250000)
 PSOldGen        total 156928K, used 78724K [0x000000000aa50000, 0x0000000014390000, 0x0000000033a50000)
  object space 156928K, 50% used [0x000000000aa50000,0x000000000f7312f8,0x0000000014390000)
 PSPermGen       total 28416K, used 14956K [0x0000000005650000, 0x0000000007210000, 0x000000000aa50000)
  object space 28416K, 52% used [0x0000000005650000,0x00000000064eb0a8,0x0000000007210000)

Dynamic libraries:
0x0000000000400000 - 0x000000000042e000 	C:\Program Files\Java\jdk1.6.0_21\bin\java.exe
0x0000000077a20000 - 0x0000000077bc9000 	C:\Windows\SYSTEM32\ntdll.dll
0x0000000077900000 - 0x0000000077a1f000 	C:\Windows\system32\kernel32.dll
0x000007fefe0a0000 - 0x000007fefe10b000 	C:\Windows\system32\KERNELBASE.dll
0x000007fefe840000 - 0x000007fefe91b000 	C:\Windows\system32\ADVAPI32.dll
0x000007feffbb0000 - 0x000007feffc4f000 	C:\Windows\system32\msvcrt.dll
0x000007fefebb0000 - 0x000007fefebcf000 	C:\Windows\SYSTEM32\sechost.dll
0x000007feffa80000 - 0x000007feffbad000 	C:\Windows\system32\RPCRT4.dll
0x000000006d890000 - 0x000000006df61000 	C:\Program Files\Java\jdk1.6.0_21\jre\bin\server\jvm.dll
0x0000000077340000 - 0x000000007743a000 	C:\Windows\system32\USER32.dll
0x000007feffa10000 - 0x000007feffa77000 	C:\Windows\system32\GDI32.dll
0x000007feff960000 - 0x000007feff96e000 	C:\Windows\system32\LPK.dll
0x000007fefe6f0000 - 0x000007fefe7b9000 	C:\Windows\system32\USP10.dll
0x000007fefc140000 - 0x000007fefc17b000 	C:\Windows\system32\WINMM.dll
0x000007fefeb00000 - 0x000007fefeb2e000 	C:\Windows\system32\IMM32.DLL
0x000007fefe250000 - 0x000007fefe359000 	C:\Windows\system32\MSCTF.dll
0x000000006d800000 - 0x000000006d80e000 	C:\Program Files\Java\jdk1.6.0_21\jre\bin\verify.dll
0x000000006d450000 - 0x000000006d477000 	C:\Program Files\Java\jdk1.6.0_21\jre\bin\java.dll
0x000000006d3b0000 - 0x000000006d3ba000 	C:\Program Files\Java\jdk1.6.0_21\jre\bin\hpi.dll
0x0000000077be0000 - 0x0000000077be7000 	C:\Windows\system32\PSAPI.DLL
0x000000006d850000 - 0x000000006d862000 	C:\Program Files\Java\jdk1.6.0_21\jre\bin\zip.dll
0x000000006d6a0000 - 0x000000006d6b7000 	C:\Program Files\Java\jdk1.6.0_21\jre\bin\net.dll
0x000007fefe5e0000 - 0x000007fefe62d000 	C:\Windows\system32\WS2_32.dll
0x000007fefe570000 - 0x000007fefe578000 	C:\Windows\system32\NSI.dll
0x000007fefd6f0000 - 0x000007fefd745000 	C:\Windows\system32\mswsock.dll
0x000007fefd6e0000 - 0x000007fefd6e7000 	C:\Windows\System32\wship6.dll
0x000007fefc4a0000 - 0x000007fefc4b5000 	C:\Windows\system32\NLAapi.dll
0x000007fef5be0000 - 0x000007fef5bf5000 	C:\Windows\system32\napinsp.dll
0x000007fef5bc0000 - 0x000007fef5bd9000 	C:\Windows\system32\pnrpnsp.dll
0x000007fef5bb0000 - 0x000007fef5bc0000 	C:\Windows\system32\wshbth.dll
0x000007fef6400000 - 0x000007fef642e000 	C:\Program Files\Common Files\Microsoft Shared\Windows Live\WLIDNSP.DLL
0x000007fefeb30000 - 0x000007fefeba1000 	C:\Windows\system32\SHLWAPI.dll
0x000007fefd570000 - 0x000007fefd5cb000 	C:\Windows\system32\DNSAPI.dll
0x000007fef5b90000 - 0x000007fef5b9b000 	C:\Windows\System32\winrnr.dll
0x000007fefd060000 - 0x000007fefd067000 	C:\Windows\System32\wshtcpip.dll
0x000007fefb720000 - 0x000007fefb747000 	C:\Windows\system32\IPHLPAPI.DLL
0x000007fefb710000 - 0x000007fefb71b000 	C:\Windows\system32\WINNSI.DLL
0x000007fef6370000 - 0x000007fef6378000 	C:\Windows\system32\rasadhlp.dll
0x000007fefb5d0000 - 0x000007fefb623000 	C:\Windows\System32\fwpuclnt.dll
0x000000006d0a0000 - 0x000000006d263000 	C:\Program Files\Java\jdk1.6.0_21\jre\bin\awt.dll
0x000007fef6010000 - 0x000007fef6081000 	C:\Windows\system32\WINSPOOL.DRV
0x000007fefe360000 - 0x000007fefe563000 	C:\Windows\system32\ole32.dll
0x000007fefebd0000 - 0x000007feff958000 	C:\Windows\system32\SHELL32.dll
0x000007fefcaa0000 - 0x000007fefcc94000 	C:\Windows\WinSxS\amd64_microsoft.windows.common-controls_6595b64144ccf1df_6.0.7601.17514_none_fa396087175ac9ac\COMCTL32.dll
0x000007fefbe80000 - 0x000007fefbe98000 	C:\Windows\system32\DWMAPI.DLL
0x000007fefc8c0000 - 0x000007fefc916000 	C:\Windows\system32\uxtheme.dll
0x000000006d340000 - 0x000000006d3ab000 	C:\Program Files\Java\jdk1.6.0_21\jre\bin\fontmanager.dll
0x000007fefddb0000 - 0x000007fefddbf000 	C:\Windows\system32\CRYPTBASE.dll
0x000000006d6c0000 - 0x000000006d6cb000 	C:\Program Files\Java\jdk1.6.0_21\jre\bin\nio.dll
0x000007feffc50000 - 0x000007feffd27000 	C:\Windows\system32\OLEAUT32.DLL
0x000000006d5b0000 - 0x000000006d5de000 	C:\Program Files\Java\jdk1.6.0_21\jre\bin\jsound.dll
0x000007fefc5f0000 - 0x000007fefc63b000 	C:\Windows\system32\MMDevAPI.DLL
0x000007fefc920000 - 0x000007fefca4c000 	C:\Windows\system32\PROPSYS.dll
0x000007fefc100000 - 0x000007fefc13b000 	C:\Windows\system32\wdmaud.drv
0x00000000752c0000 - 0x00000000752c6000 	C:\Windows\system32\ksuser.dll
0x000007fefc5e0000 - 0x000007fefc5e9000 	C:\Windows\system32\AVRT.dll
0x000007fefe920000 - 0x000007fefeaf7000 	C:\Windows\system32\SETUPAPI.dll
0x000007fefe150000 - 0x000007fefe186000 	C:\Windows\system32\CFGMGR32.dll
0x000007fefe230000 - 0x000007fefe24a000 	C:\Windows\system32\DEVOBJ.dll
0x000007fefbf40000 - 0x000007fefbf8f000 	C:\Windows\system32\AUDIOSES.DLL
0x000007fefbe70000 - 0x000007fefbe7a000 	C:\Windows\system32\msacm32.drv
0x000007fefbe50000 - 0x000007fefbe68000 	C:\Windows\system32\MSACM32.dll
0x000007fefbe00000 - 0x000007fefbe09000 	C:\Windows\system32\midimap.dll
0x000007fefe650000 - 0x000007fefe6e9000 	C:\Windows\system32\CLBCatQ.DLL

VM Arguments:
jvm_args: -Dfile.encoding=UTF-8 
java_command: org.amityregion5.projectx.QuickMain
Launcher Type: SUN_STANDARD

Environment Variables:
CLASSPATH=.;C:\Program Files (x86)\Java\jre6\lib\ext\QTJava.zip
PATH=C:\Program Files (x86)\CollabNet\Subversion Client;C:\Program Files\Common Files\Microsoft Shared\Windows Live;C:\Program Files (x86)\Common Files\Microsoft Shared\Windows Live;C:\Windows\system32;C:\Windows;C:\Windows\System32\Wbem;C:\Windows\System32\WindowsPowerShell\v1.0\;C:\Program Files (x86)\Common Files\Roxio Shared\10.0\DLLShared\;C:\Program Files (x86)\Common Files\Roxio Shared\DLLShared\;C:\Program Files (x86)\Common Files\HP\Digital Imaging\bin;C:\Program Files (x86)\HP\Digital Imaging\bin\;C:\Program Files (x86)\HP\Digital Imaging\bin\Qt\Qt 4.3.3;c:\Program Files (x86)\Microsoft SQL Server\90\Tools\binn\;C:\Program Files (x86)\Windows Live\Shared;C:\Program Files (x86)\QuickTime\QTSystem\
USERNAME=Mike
OS=Windows_NT
PROCESSOR_IDENTIFIER=Intel64 Family 6 Model 23 Stepping 10, GenuineIntel



---------------  S Y S T E M  ---------------

OS: Windows 7 Build 7601 Service Pack 1

CPU:total 2 (2 cores per cpu, 1 threads per core) family 6 model 23 stepping 10, cmov, cx8, fxsr, mmx, sse, sse2, sse3, ssse3, sse4.1

Memory: 4k page, physical 4029460k(918052k free), swap 8057072k(4527372k free)

vm_info: Java HotSpot(TM) 64-Bit Server VM (17.0-b17) for windows-amd64 JRE (1.6.0_21-b07), built on Jul 17 2010 01:05:36 by "java_re" with MS VC++ 8.0 (VS2005)

time: Sat Jun 11 13:26:30 2011
elapsed time: 60 seconds

